This file contains any messages produced by compilers while
running configure, to aid debugging if configure makes a mistake.

It was created by configure, which was
generated by GNU Autoconf 2.68.  Invocation command line was

  $ ./configure 

## --------- ##
## Platform. ##
## --------- ##

hostname = mark-toshiba
uname -m = x86_64
uname -r = 3.2.0-23-generic
uname -s = Linux
uname -v = #36-Ubuntu SMP Tue Apr 10 20:39:51 UTC 2012

/usr/bin/uname -p = unknown
/bin/uname -X     = unknown

/bin/arch              = unknown
/usr/bin/arch -k       = unknown
/usr/convex/getsysinfo = unknown
/usr/bin/hostinfo      = unknown
/bin/machine           = unknown
/usr/bin/oslevel       = unknown
/bin/universe          = unknown

PATH: /home/mark/bin
PATH: /usr/local/texlive/2011/bin/x86_64-linux
PATH: /usr/local/sbin
PATH: /usr/local/bin
PATH: /usr/sbin
PATH: /usr/bin
PATH: /sbin
PATH: /bin
PATH: /usr/games
PATH: /home/mark/bin
PATH: /home/mark/RTcmix-all-100611/bin
PATH: /usr/local/Gambit-C/bin
PATH: /usr/local/texlive/2012/bin/x86_64-linux
PATH: /home/mark/android-ndk-r8b/toolchains/arm-linux-androideabi-4.4.3/prebuilt/linux-x86/bin


## ----------- ##
## Core tests. ##
## ----------- ##

configure:2164: checking for a BSD-compatible install
configure:2232: result: /usr/bin/install -c
configure:2243: checking whether build environment is sane
configure:2293: result: yes
configure:2434: checking for a thread-safe mkdir -p
configure:2473: result: /bin/mkdir -p
configure:2486: checking for gawk
configure:2502: found /usr/bin/gawk
configure:2513: result: gawk
configure:2524: checking whether make sets $(MAKE)
configure:2546: result: yes
configure:2628: checking whether to enable maintainer-specific portions of Makefiles
configure:2637: result: no
configure:2705: checking for pkg-config
configure:2723: found /usr/bin/pkg-config
configure:2735: result: /usr/bin/pkg-config
configure:2760: checking pkg-config is at least version 0.9.0
configure:2763: result: yes
configure:2773: checking for GUILE
configure:2780: $PKG_CONFIG --exists --print-errors "guile-2.0"
configure:2783: $? = 0
configure:2797: $PKG_CONFIG --exists --print-errors "guile-2.0"
configure:2800: $? = 0
configure:2858: result: yes
configure:2911: checking for gcc
configure:2927: found /usr/bin/gcc
configure:2938: result: gcc
configure:3167: checking for C compiler version
configure:3176: gcc --version >&5
gcc (Ubuntu/Linaro 4.6.3-1ubuntu5) 4.6.3
Copyright (C) 2011 Free Software Foundation, Inc.
This is free software; see the source for copying conditions.  There is NO
warranty; not even for MERCHANTABILITY or FITNESS FOR A PARTICULAR PURPOSE.

configure:3187: $? = 0
configure:3176: gcc -v >&5
Using built-in specs.
COLLECT_GCC=gcc
COLLECT_LTO_WRAPPER=/usr/lib/gcc/x86_64-linux-gnu/4.6/lto-wrapper
Target: x86_64-linux-gnu
Configured with: ../src/configure -v --with-pkgversion='Ubuntu/Linaro 4.6.3-1ubuntu5' --with-bugurl=file:///usr/share/doc/gcc-4.6/README.Bugs --enable-languages=c,c++,fortran,objc,obj-c++ --prefix=/usr --program-suffix=-4.6 --enable-shared --enable-linker-build-id --with-system-zlib --libexecdir=/usr/lib --without-included-gettext --enable-threads=posix --with-gxx-include-dir=/usr/include/c++/4.6 --libdir=/usr/lib --enable-nls --with-sysroot=/ --enable-clocale=gnu --enable-libstdcxx-debug --enable-libstdcxx-time=yes --enable-gnu-unique-object --enable-plugin --enable-objc-gc --disable-werror --with-arch-32=i686 --with-tune=generic --enable-checking=release --build=x86_64-linux-gnu --host=x86_64-linux-gnu --target=x86_64-linux-gnu
Thread model: posix
gcc version 4.6.3 (Ubuntu/Linaro 4.6.3-1ubuntu5) 
configure:3187: $? = 0
configure:3176: gcc -V >&5
gcc: error: unrecognized option '-V'
gcc: fatal error: no input files
compilation terminated.
configure:3187: $? = 4
configure:3176: gcc -qversion >&5
gcc: error: unrecognized option '-qversion'
gcc: fatal error: no input files
compilation terminated.
configure:3187: $? = 4
configure:3207: checking whether the C compiler works
configure:3229: gcc    conftest.c  >&5
configure:3233: $? = 0
configure:3281: result: yes
configure:3284: checking for C compiler default output file name
configure:3286: result: a.out
configure:3292: checking for suffix of executables
configure:3299: gcc -o conftest    conftest.c  >&5
configure:3303: $? = 0
configure:3325: result: 
configure:3347: checking whether we are cross compiling
configure:3355: gcc -o conftest    conftest.c  >&5
configure:3359: $? = 0
configure:3366: ./conftest
configure:3370: $? = 0
configure:3385: result: no
configure:3390: checking for suffix of object files
configure:3412: gcc -c   conftest.c >&5
configure:3416: $? = 0
configure:3437: result: o
configure:3441: checking whether we are using the GNU C compiler
configure:3460: gcc -c   conftest.c >&5
configure:3460: $? = 0
configure:3469: result: yes
configure:3478: checking whether gcc accepts -g
configure:3498: gcc -c -g  conftest.c >&5
configure:3498: $? = 0
configure:3539: result: yes
configure:3556: checking for gcc option to accept ISO C89
configure:3620: gcc  -c -g -O2  conftest.c >&5
configure:3620: $? = 0
configure:3633: result: none needed
configure:3664: checking for style of include used by make
configure:3692: result: GNU
configure:3718: checking dependency style of gcc
configure:3829: result: gcc3
configure:3849: checking how to run the C preprocessor
configure:3880: gcc -E  conftest.c
configure:3880: $? = 0
configure:3894: gcc -E  conftest.c
conftest.c:11:28: fatal error: ac_nonexistent.h: No such file or directory
compilation terminated.
configure:3894: $? = 1
configure: failed program was:
| /* confdefs.h */
| #define PACKAGE_NAME ""
| #define PACKAGE_TARNAME ""
| #define PACKAGE_VERSION ""
| #define PACKAGE_STRING ""
| #define PACKAGE_BUGREPORT ""
| #define PACKAGE_URL ""
| #define PACKAGE "guile-xlib"
| #define VERSION "0.5"
| /* end confdefs.h.  */
| #include <ac_nonexistent.h>
configure:3919: result: gcc -E
configure:3939: gcc -E  conftest.c
configure:3939: $? = 0
configure:3953: gcc -E  conftest.c
conftest.c:11:28: fatal error: ac_nonexistent.h: No such file or directory
compilation terminated.
configure:3953: $? = 1
configure: failed program was:
| /* confdefs.h */
| #define PACKAGE_NAME ""
| #define PACKAGE_TARNAME ""
| #define PACKAGE_VERSION ""
| #define PACKAGE_STRING ""
| #define PACKAGE_BUGREPORT ""
| #define PACKAGE_URL ""
| #define PACKAGE "guile-xlib"
| #define VERSION "0.5"
| /* end confdefs.h.  */
| #include <ac_nonexistent.h>
configure:3982: checking whether ln -s works
configure:3986: result: yes
configure:3993: checking whether make sets $(MAKE)
configure:4015: result: yes
configure:4053: checking build system type
configure:4067: result: x86_64-unknown-linux-gnu
configure:4087: checking host system type
configure:4100: result: x86_64-unknown-linux-gnu
configure:4141: checking how to print strings
configure:4168: result: printf
configure:4189: checking for a sed that does not truncate output
configure:4253: result: /bin/sed
configure:4271: checking for grep that handles long lines and -e
configure:4329: result: /bin/grep
configure:4334: checking for egrep
configure:4396: result: /bin/grep -E
configure:4401: checking for fgrep
configure:4463: result: /bin/grep -F
configure:4498: checking for ld used by gcc
configure:4565: result: /usr/bin/ld
configure:4572: checking if the linker (/usr/bin/ld) is GNU ld
configure:4587: result: yes
configure:4599: checking for BSD- or MS-compatible name lister (nm)
configure:4648: result: /usr/bin/nm -B
configure:4778: checking the name lister (/usr/bin/nm -B) interface
configure:4785: gcc -c -g -O2  conftest.c >&5
configure:4788: /usr/bin/nm -B "conftest.o"
configure:4791: output
0000000000000000 B some_variable
configure:4798: result: BSD nm
configure:4802: checking the maximum length of command line arguments
configure:4932: result: 1572864
configure:4949: checking whether the shell understands some XSI constructs
configure:4959: result: yes
configure:4963: checking whether the shell understands "+="
configure:4969: result: yes
configure:5004: checking how to convert x86_64-unknown-linux-gnu file names to x86_64-unknown-linux-gnu format
configure:5044: result: func_convert_file_noop
configure:5051: checking how to convert x86_64-unknown-linux-gnu file names to toolchain format
configure:5071: result: func_convert_file_noop
configure:5078: checking for /usr/bin/ld option to reload object files
configure:5085: result: -r
configure:5159: checking for objdump
configure:5175: found /usr/bin/objdump
configure:5186: result: objdump
configure:5218: checking how to recognize dependent libraries
configure:5420: result: pass_all
configure:5505: checking for dlltool
configure:5535: result: no
configure:5565: checking how to associate runtime and link libraries
configure:5592: result: printf %s\n
configure:5653: checking for ar
configure:5669: found /usr/bin/ar
configure:5680: result: ar
configure:5717: checking for archiver @FILE support
configure:5734: gcc -c -g -O2  conftest.c >&5
configure:5734: $? = 0
configure:5737: ar cru libconftest.a @conftest.lst >&5
configure:5740: $? = 0
configure:5745: ar cru libconftest.a @conftest.lst >&5
ar: conftest.o: No such file or directory
configure:5748: $? = 1
configure:5760: result: @
configure:5818: checking for strip
configure:5834: found /usr/bin/strip
configure:5845: result: strip
configure:5917: checking for ranlib
configure:5933: found /usr/bin/ranlib
configure:5944: result: ranlib
configure:6046: checking command to parse /usr/bin/nm -B output from gcc object
configure:6166: gcc -c -g -O2  conftest.c >&5
configure:6169: $? = 0
configure:6173: /usr/bin/nm -B conftest.o \| sed -n -e 's/^.*[ ]\([ABCDGIRSTW][ABCDGIRSTW]*\)[ ][ ]*\([_A-Za-z][_A-Za-z0-9]*\)$/\1 \2 \2/p' | sed '/ __gnu_lto/d' \> conftest.nm
configure:6176: $? = 0
configure:6242: gcc -o conftest -g -O2   conftest.c conftstm.o >&5
configure:6245: $? = 0
configure:6283: result: ok
configure:6320: checking for sysroot
configure:6350: result: no
configure:6427: gcc -c -g -O2  conftest.c >&5
configure:6430: $? = 0
configure:6606: checking for mt
configure:6622: found /bin/mt
configure:6633: result: mt
configure:6656: checking if mt is a manifest tool
configure:6662: mt '-?'
configure:6670: result: no
configure:7308: checking for ANSI C header files
configure:7328: gcc -c -g -O2  conftest.c >&5
configure:7328: $? = 0
configure:7401: gcc -o conftest -g -O2   conftest.c  >&5
configure:7401: $? = 0
configure:7401: ./conftest
configure:7401: $? = 0
configure:7412: result: yes
configure:7425: checking for sys/types.h
configure:7425: gcc -c -g -O2  conftest.c >&5
configure:7425: $? = 0
configure:7425: result: yes
configure:7425: checking for sys/stat.h
configure:7425: gcc -c -g -O2  conftest.c >&5
configure:7425: $? = 0
configure:7425: result: yes
configure:7425: checking for stdlib.h
configure:7425: gcc -c -g -O2  conftest.c >&5
configure:7425: $? = 0
configure:7425: result: yes
configure:7425: checking for string.h
configure:7425: gcc -c -g -O2  conftest.c >&5
configure:7425: $? = 0
configure:7425: result: yes
configure:7425: checking for memory.h
configure:7425: gcc -c -g -O2  conftest.c >&5
configure:7425: $? = 0
configure:7425: result: yes
configure:7425: checking for strings.h
configure:7425: gcc -c -g -O2  conftest.c >&5
configure:7425: $? = 0
configure:7425: result: yes
configure:7425: checking for inttypes.h
configure:7425: gcc -c -g -O2  conftest.c >&5
configure:7425: $? = 0
configure:7425: result: yes
configure:7425: checking for stdint.h
configure:7425: gcc -c -g -O2  conftest.c >&5
configure:7425: $? = 0
configure:7425: result: yes
configure:7425: checking for unistd.h
configure:7425: gcc -c -g -O2  conftest.c >&5
configure:7425: $? = 0
configure:7425: result: yes
configure:7439: checking for dlfcn.h
configure:7439: gcc -c -g -O2  conftest.c >&5
configure:7439: $? = 0
configure:7439: result: yes
configure:7645: checking for objdir
configure:7660: result: .libs
configure:7927: checking if gcc supports -fno-rtti -fno-exceptions
configure:7945: gcc -c -g -O2  -fno-rtti -fno-exceptions conftest.c >&5
cc1: warning: command line option '-fno-rtti' is valid for C++/ObjC++ but not for C [enabled by default]
configure:7949: $? = 0
configure:7962: result: no
configure:8289: checking for gcc option to produce PIC
configure:8296: result: -fPIC -DPIC
configure:8304: checking if gcc PIC flag -fPIC -DPIC works
configure:8322: gcc -c -g -O2  -fPIC -DPIC -DPIC conftest.c >&5
configure:8326: $? = 0
configure:8339: result: yes
configure:8368: checking if gcc static flag -static works
configure:8396: result: yes
configure:8411: checking if gcc supports -c -o file.o
configure:8432: gcc -c -g -O2  -o out/conftest2.o conftest.c >&5
configure:8436: $? = 0
configure:8458: result: yes
configure:8466: checking if gcc supports -c -o file.o
configure:8513: result: yes
configure:8546: checking whether the gcc linker (/usr/bin/ld -m elf_x86_64) supports shared libraries
configure:9703: result: yes
configure:9740: checking whether -lc should be explicitly linked in
configure:9748: gcc -c -g -O2  conftest.c >&5
configure:9751: $? = 0
configure:9766: gcc -shared  -fPIC -DPIC conftest.o  -v -Wl,-soname -Wl,conftest -o conftest 2\>\&1 \| /bin/grep  -lc  \>/dev/null 2\>\&1
configure:9769: $? = 0
configure:9783: result: no
configure:9943: checking dynamic linker characteristics
configure:10454: gcc -o conftest -g -O2   -Wl,-rpath -Wl,/foo conftest.c  >&5
configure:10454: $? = 0
configure:10688: result: GNU/Linux ld.so
configure:10795: checking how to hardcode library paths into programs
configure:10820: result: immediate
configure:11360: checking whether stripping libraries is possible
configure:11365: result: yes
configure:11400: checking if libtool supports shared libraries
configure:11402: result: yes
configure:11405: checking whether to build shared libraries
configure:11426: result: yes
configure:11429: checking whether to build static libraries
configure:11433: result: yes
configure:11471: checking for X
configure:11579: gcc -E  conftest.c
configure:11579: $? = 0
configure:11610: gcc -o conftest -g -O2   conftest.c -lX11  >&5
configure:11610: $? = 0
configure:11660: result: libraries , headers 
configure:11759: gcc -o conftest -g -O2   conftest.c   -lX11 >&5
configure:11759: $? = 0
configure:11857: checking for gethostbyname
configure:11857: gcc -o conftest -g -O2   conftest.c  >&5
configure:11857: $? = 0
configure:11857: result: yes
configure:11954: checking for connect
configure:11954: gcc -o conftest -g -O2   conftest.c  >&5
configure:11954: $? = 0
configure:11954: result: yes
configure:12003: checking for remove
configure:12003: gcc -o conftest -g -O2   conftest.c  >&5
configure:12003: $? = 0
configure:12003: result: yes
configure:12052: checking for shmat
configure:12052: gcc -o conftest -g -O2   conftest.c  >&5
configure:12052: $? = 0
configure:12052: result: yes
configure:12110: checking for IceConnectionNumber in -lICE
configure:12135: gcc -o conftest -g -O2   conftest.c -lICE   >&5
configure:12135: $? = 0
configure:12144: result: yes
configure:12155: checking for working memcmp
configure:12198: gcc -o conftest -g -O2   conftest.c  >&5
configure:12198: $? = 0
configure:12198: ./conftest
configure:12198: $? = 0
configure:12208: result: yes
configure:12390: creating ./config.status

## ---------------------- ##
## Running config.status. ##
## ---------------------- ##

This file was extended by config.status, which was
generated by GNU Autoconf 2.68.  Invocation command line was

  CONFIG_FILES    = 
  CONFIG_HEADERS  = 
  CONFIG_LINKS    = 
  CONFIG_COMMANDS = 
  $ ./config.status 

on mark-toshiba

config.status:1023: creating Makefile
config.status:1195: executing depfiles commands
config.status:1195: executing libtool commands

## ---------------- ##
## Cache variables. ##
## ---------------- ##

ac_cv_build=x86_64-unknown-linux-gnu
ac_cv_c_compiler_gnu=yes
ac_cv_env_CC_set=
ac_cv_env_CC_value=
ac_cv_env_CFLAGS_set=
ac_cv_env_CFLAGS_value=
ac_cv_env_CPPFLAGS_set=
ac_cv_env_CPPFLAGS_value=
ac_cv_env_CPP_set=
ac_cv_env_CPP_value=
ac_cv_env_GUILE_CFLAGS_set=
ac_cv_env_GUILE_CFLAGS_value=
ac_cv_env_GUILE_LIBS_set=
ac_cv_env_GUILE_LIBS_value=
ac_cv_env_LDFLAGS_set=
ac_cv_env_LDFLAGS_value=
ac_cv_env_LIBS_set=
ac_cv_env_LIBS_value=
ac_cv_env_PKG_CONFIG_LIBDIR_set=
ac_cv_env_PKG_CONFIG_LIBDIR_value=
ac_cv_env_PKG_CONFIG_PATH_set=
ac_cv_env_PKG_CONFIG_PATH_value=
ac_cv_env_PKG_CONFIG_set=
ac_cv_env_PKG_CONFIG_value=
ac_cv_env_XMKMF_set=
ac_cv_env_XMKMF_value=
ac_cv_env_build_alias_set=
ac_cv_env_build_alias_value=
ac_cv_env_host_alias_set=
ac_cv_env_host_alias_value=
ac_cv_env_target_alias_set=
ac_cv_env_target_alias_value=
ac_cv_func_connect=yes
ac_cv_func_gethostbyname=yes
ac_cv_func_memcmp_working=yes
ac_cv_func_remove=yes
ac_cv_func_shmat=yes
ac_cv_have_x='have_x=yes	ac_x_includes='\'''\''	ac_x_libraries='\'''\'''
ac_cv_header_dlfcn_h=yes
ac_cv_header_inttypes_h=yes
ac_cv_header_memory_h=yes
ac_cv_header_stdc=yes
ac_cv_header_stdint_h=yes
ac_cv_header_stdlib_h=yes
ac_cv_header_string_h=yes
ac_cv_header_strings_h=yes
ac_cv_header_sys_stat_h=yes
ac_cv_header_sys_types_h=yes
ac_cv_header_unistd_h=yes
ac_cv_host=x86_64-unknown-linux-gnu
ac_cv_lib_ICE_IceConnectionNumber=yes
ac_cv_objext=o
ac_cv_path_EGREP='/bin/grep -E'
ac_cv_path_FGREP='/bin/grep -F'
ac_cv_path_GREP=/bin/grep
ac_cv_path_SED=/bin/sed
ac_cv_path_ac_pt_PKG_CONFIG=/usr/bin/pkg-config
ac_cv_path_install='/usr/bin/install -c'
ac_cv_path_mkdir=/bin/mkdir
ac_cv_prog_AWK=gawk
ac_cv_prog_CPP='gcc -E'
ac_cv_prog_ac_ct_AR=ar
ac_cv_prog_ac_ct_CC=gcc
ac_cv_prog_ac_ct_MANIFEST_TOOL=mt
ac_cv_prog_ac_ct_OBJDUMP=objdump
ac_cv_prog_ac_ct_RANLIB=ranlib
ac_cv_prog_ac_ct_STRIP=strip
ac_cv_prog_cc_c89=
ac_cv_prog_cc_g=yes
ac_cv_prog_make_make_set=yes
am_cv_CC_dependencies_compiler_type=gcc3
lt_cv_ar_at_file=@
lt_cv_archive_cmds_need_lc=no
lt_cv_deplibs_check_method=pass_all
lt_cv_file_magic_cmd='$MAGIC_CMD'
lt_cv_file_magic_test_file=
lt_cv_ld_reload_flag=-r
lt_cv_nm_interface='BSD nm'
lt_cv_objdir=.libs
lt_cv_path_LD=/usr/bin/ld
lt_cv_path_NM='/usr/bin/nm -B'
lt_cv_path_mainfest_tool=no
lt_cv_prog_compiler_c_o=yes
lt_cv_prog_compiler_pic='-fPIC -DPIC'
lt_cv_prog_compiler_pic_works=yes
lt_cv_prog_compiler_rtti_exceptions=no
lt_cv_prog_compiler_static_works=yes
lt_cv_prog_gnu_ld=yes
lt_cv_sharedlib_from_linklib_cmd='printf %s\n'
lt_cv_shlibpath_overrides_runpath=no
lt_cv_sys_global_symbol_pipe='sed -n -e '\''s/^.*[	 ]\([ABCDGIRSTW][ABCDGIRSTW]*\)[	 ][	 ]*\([_A-Za-z][_A-Za-z0-9]*\)$/\1 \2 \2/p'\'' | sed '\''/ __gnu_lto/d'\'''
lt_cv_sys_global_symbol_to_c_name_address='sed -n -e '\''s/^: \([^ ]*\)[ ]*$/  {\"\1\", (void *) 0},/p'\'' -e '\''s/^[ABCDGIRSTW]* \([^ ]*\) \([^ ]*\)$/  {"\2", (void *) \&\2},/p'\'''
lt_cv_sys_global_symbol_to_c_name_address_lib_prefix='sed -n -e '\''s/^: \([^ ]*\)[ ]*$/  {\"\1\", (void *) 0},/p'\'' -e '\''s/^[ABCDGIRSTW]* \([^ ]*\) \(lib[^ ]*\)$/  {"\2", (void *) \&\2},/p'\'' -e '\''s/^[ABCDGIRSTW]* \([^ ]*\) \([^ ]*\)$/  {"lib\2", (void *) \&\2},/p'\'''
lt_cv_sys_global_symbol_to_cdecl='sed -n -e '\''s/^T .* \(.*\)$/extern int \1();/p'\'' -e '\''s/^[ABCDGIRSTW]* .* \(.*\)$/extern char \1;/p'\'''
lt_cv_sys_max_cmd_len=1572864
lt_cv_to_host_file_cmd=func_convert_file_noop
lt_cv_to_tool_file_cmd=func_convert_file_noop
pkg_cv_GUILE_CFLAGS='-pthread -I/usr/local/include/guile/2.0  '
pkg_cv_GUILE_LIBS='-L/usr/local/lib -lguile-2.0 -lgc  '

## ----------------- ##
## Output variables. ##
## ----------------- ##

ACLOCAL='${SHELL} /home/mark/source/guile-xlib/missing --run aclocal-1.11'
AMDEPBACKSLASH='\'
AMDEP_FALSE='#'
AMDEP_TRUE=''
AMTAR='$${TAR-tar}'
AR='ar'
AUTOCONF='${SHELL} /home/mark/source/guile-xlib/missing --run autoconf'
AUTOHEADER='${SHELL} /home/mark/source/guile-xlib/missing --run autoheader'
AUTOMAKE='${SHELL} /home/mark/source/guile-xlib/missing --run automake-1.11'
AWK='gawk'
CC='gcc'
CCDEPMODE='depmode=gcc3'
CFLAGS='-g -O2'
CPP='gcc -E'
CPPFLAGS=''
CYGPATH_W='echo'
DEFS='-DPACKAGE_NAME=\"\" -DPACKAGE_TARNAME=\"\" -DPACKAGE_VERSION=\"\" -DPACKAGE_STRING=\"\" -DPACKAGE_BUGREPORT=\"\" -DPACKAGE_URL=\"\" -DPACKAGE=\"guile-xlib\" -DVERSION=\"0.5\" -DSTDC_HEADERS=1 -DHAVE_SYS_TYPES_H=1 -DHAVE_SYS_STAT_H=1 -DHAVE_STDLIB_H=1 -DHAVE_STRING_H=1 -DHAVE_MEMORY_H=1 -DHAVE_STRINGS_H=1 -DHAVE_INTTYPES_H=1 -DHAVE_STDINT_H=1 -DHAVE_UNISTD_H=1 -DHAVE_DLFCN_H=1 -DLT_OBJDIR=\".libs/\"'
DEPDIR='.deps'
DLLTOOL='false'
DSYMUTIL=''
DUMPBIN=''
ECHO_C=''
ECHO_N='-n'
ECHO_T=''
EGREP='/bin/grep -E'
EXEEXT=''
FGREP='/bin/grep -F'
GREP='/bin/grep'
GUILE_CFLAGS='-pthread -I/usr/local/include/guile/2.0  '
GUILE_LIBS='-L/usr/local/lib -lguile-2.0 -lgc  '
INSTALL_DATA='${INSTALL} -m 644'
INSTALL_PROGRAM='${INSTALL}'
INSTALL_SCRIPT='${INSTALL}'
INSTALL_STRIP_PROGRAM='$(install_sh) -c -s'
LD='/usr/bin/ld -m elf_x86_64'
LDFLAGS=''
LIBOBJS=''
LIBS=''
LIBTOOL='$(SHELL) $(top_builddir)/libtool'
LIPO=''
LN_S='ln -s'
LTLIBOBJS=''
MAINT='#'
MAINTAINER_MODE_FALSE=''
MAINTAINER_MODE_TRUE='#'
MAKEINFO='${SHELL} /home/mark/source/guile-xlib/missing --run makeinfo'
MANIFEST_TOOL=':'
MKDIR_P='/bin/mkdir -p'
NM='/usr/bin/nm -B'
NMEDIT=''
OBJDUMP='objdump'
OBJEXT='o'
OTOOL64=''
OTOOL=''
PACKAGE='guile-xlib'
PACKAGE_BUGREPORT=''
PACKAGE_NAME=''
PACKAGE_STRING=''
PACKAGE_TARNAME=''
PACKAGE_URL=''
PACKAGE_VERSION=''
PATH_SEPARATOR=':'
PKG_CONFIG='/usr/bin/pkg-config'
PKG_CONFIG_LIBDIR=''
PKG_CONFIG_PATH=''
RANLIB='ranlib'
SED='/bin/sed'
SET_MAKE=''
SHELL='/bin/bash'
STRIP='strip'
VERSION='0.5'
XMKMF=''
X_CFLAGS=''
X_EXTRA_LIBS=''
X_LIBS=''
X_PRE_LIBS=' -lSM -lICE'
ac_ct_AR='ar'
ac_ct_CC='gcc'
ac_ct_DUMPBIN=''
am__EXEEXT_FALSE=''
am__EXEEXT_TRUE='#'
am__fastdepCC_FALSE='#'
am__fastdepCC_TRUE=''
am__include='include'
am__isrc=''
am__leading_dot='.'
am__nodep='_no'
am__quote=''
am__tar='$${TAR-tar} chof - "$$tardir"'
am__untar='$${TAR-tar} xf -'
bindir='${exec_prefix}/bin'
build='x86_64-unknown-linux-gnu'
build_alias=''
build_cpu='x86_64'
build_os='linux-gnu'
build_vendor='unknown'
datadir='${datarootdir}'
datarootdir='${prefix}/share'
docdir='${datarootdir}/doc/${PACKAGE}'
dvidir='${docdir}'
exec_prefix='${prefix}'
host='x86_64-unknown-linux-gnu'
host_alias=''
host_cpu='x86_64'
host_os='linux-gnu'
host_vendor='unknown'
htmldir='${docdir}'
includedir='${prefix}/include'
infodir='${datarootdir}/info'
install_sh='${SHELL} /home/mark/source/guile-xlib/install-sh'
libdir='${exec_prefix}/lib'
libexecdir='${exec_prefix}/libexec'
localedir='${datarootdir}/locale'
localstatedir='${prefix}/var'
mandir='${datarootdir}/man'
mkdir_p='/bin/mkdir -p'
oldincludedir='/usr/include'
pdfdir='${docdir}'
prefix='/usr/local'
program_transform_name='s,x,x,'
psdir='${docdir}'
sbindir='${exec_prefix}/sbin'
sharedstatedir='${prefix}/com'
sysconfdir='${prefix}/etc'
target_alias=''

## ----------- ##
## confdefs.h. ##
## ----------- ##

/* confdefs.h */
#define PACKAGE_NAME ""
#define PACKAGE_TARNAME ""
#define PACKAGE_VERSION ""
#define PACKAGE_STRING ""
#define PACKAGE_BUGREPORT ""
#define PACKAGE_URL ""
#define PACKAGE "guile-xlib"
#define VERSION "0.5"
#define STDC_HEADERS 1
#define HAVE_SYS_TYPES_H 1
#define HAVE_SYS_STAT_H 1
#define HAVE_STDLIB_H 1
#define HAVE_STRING_H 1
#define HAVE_MEMORY_H 1
#define HAVE_STRINGS_H 1
#define HAVE_INTTYPES_H 1
#define HAVE_STDINT_H 1
#define HAVE_UNISTD_H 1
#define HAVE_DLFCN_H 1
#define LT_OBJDIR ".libs/"

configure: exit 0
